<?xml version="1.0" encoding="UTF-8"?>
<!-- Generated by org.testng.reporters.JUnitReportReporter -->
<testsuite skipped="0" hostname="Lenovo-PC" name="appium.Practice" tests="1" failures="0" timestamp="11 Apr 2018 04:04:14 GMT" time="33.151" errors="0">
  <testcase name="f" time="33.151" classname="appium.Practice"/>
</testsuite> <!-- appium.Practice -->
