<?xml version="1.0" encoding="UTF-8"?>
<!-- Generated by org.testng.reporters.JUnitReportReporter -->
<testsuite skipped="0" hostname="Lenovo-PC" name="appium.LaunchUrl" tests="1" failures="0" timestamp="01 Aug 2017 12:26:00 GMT" time="16.461" errors="0">
  <testcase name="f" time="16.461" classname="appium.LaunchUrl"/>
</testsuite> <!-- appium.LaunchUrl -->
