<?xml version="1.0" encoding="UTF-8"?>
<!-- Generated by org.testng.reporters.JUnitReportReporter -->
<testsuite skipped="0" hostname="Lenovo-PC" name="Rev.Launch_whatsApp" tests="1" failures="0" timestamp="24 May 2018 20:18:08 GMT" time="26.193" errors="0">
  <testcase name="f" time="26.193" classname="Rev.Launch_whatsApp"/>
</testsuite> <!-- Rev.Launch_whatsApp -->
