<?xml version="1.0" encoding="UTF-8"?>
<!-- Generated by org.testng.reporters.JUnitReportReporter -->
<testsuite skipped="0" hostname="Lenovo-PC" name="Rev.wi_fi" tests="1" failures="0" timestamp="04 Sep 2018 08:02:04 GMT" time="22.815" errors="0">
  <testcase name="f" time="22.815" classname="Rev.wi_fi"/>
</testsuite> <!-- Rev.wi_fi -->
