<?xml version="1.0" encoding="UTF-8"?>
<!-- Generated by org.testng.reporters.JUnitReportReporter -->
<testsuite skipped="0" hostname="Lenovo-PC" name="appium.WhatsApp_Scroll" tests="1" failures="0" timestamp="31 May 2017 01:20:16 GMT" time="15.055" errors="0">
  <testcase name="f" time="15.055" classname="appium.WhatsApp_Scroll"/>
</testsuite> <!-- appium.WhatsApp_Scroll -->
