<?xml version="1.0" encoding="UTF-8"?>
<!-- Generated by org.testng.reporters.JUnitReportReporter -->
<testsuite skipped="0" hostname="Lenovo-PC" name="appium.GalleryOperation" tests="1" failures="0" timestamp="01 Aug 2017 15:27:03 GMT" time="43.545" errors="0">
  <testcase name="f" time="43.545" classname="appium.GalleryOperation"/>
</testsuite> <!-- appium.GalleryOperation -->
